c:\users\marco\source\repos\cpp-machine-learning-framework\src\debug\vc143.pdb
c:\users\marco\source\repos\cpp-machine-learning-framework\src\debug\vc143.idb
c:\users\marco\source\repos\cpp-machine-learning-framework\src\debug\src.obj
c:\users\marco\source\repos\cpp-machine-learning-framework\src\debug\matrix.obj
c:\users\marco\source\repos\cpp-machine-learning-framework\src\debug\simplelinearregression.obj
c:\users\marco\source\repos\cpp-machine-learning-framework\src\debug\multiplelinearregression.obj
c:\users\marco\source\repos\cpp-machine-learning-framework\src\debug\arraylist.obj
c:\users\marco\source\repos\cpp-machine-learning-framework\src\debug\src.exe
c:\users\marco\source\repos\cpp-machine-learning-framework\src\debug\src.ilk
c:\users\marco\source\repos\cpp-machine-learning-framework\src\debug\src.pdb
c:\users\marco\source\repos\cpp-machine-learning-framework\src\debug\multiple_linear_regression.obj
c:\users\marco\source\repos\cpp-machine-learning-framework\src\debug\multiple_linear_regression.new.obj.enc
c:\users\marco\source\repos\cpp-machine-learning-framework\src\debug\unittests.exp
c:\users\marco\source\repos\cpp-machine-learning-framework\src\debug\unittests.pdb
c:\users\marco\source\repos\cpp-machine-learning-framework\src\debug\src.tlog\cl.command.1.tlog
c:\users\marco\source\repos\cpp-machine-learning-framework\src\debug\src.tlog\cl.items.tlog
c:\users\marco\source\repos\cpp-machine-learning-framework\src\debug\src.tlog\cl.read.1.tlog
c:\users\marco\source\repos\cpp-machine-learning-framework\src\debug\src.tlog\cl.write.1.tlog
c:\users\marco\source\repos\cpp-machine-learning-framework\src\debug\src.tlog\link.command.1.tlog
c:\users\marco\source\repos\cpp-machine-learning-framework\src\debug\src.tlog\link.read.1.tlog
c:\users\marco\source\repos\cpp-machine-learning-framework\src\debug\src.tlog\link.write.1.tlog
